Build started 2/12/2015 2:28:01 PM.
     1>Project "C:\Users\Harry\Classes\ICS167\Projects\pong_server\pong_server\pong_server.vcxproj" on node 2 (Build target(s)).
     1>ClCompile:
         C:\Program Files (x86)\Microsoft Visual Studio 12.0\VC\bin\CL.exe /c /ZI /nologo /W3 /WX- /sdl /Od /Oy- /D _CRT_SECURE_NO_WARNINGS /D _WINSOCK_DEPRECATED_NO_WARNINGS /D _MBCS /Gm /EHsc /RTC1 /MDd /GS /fp:precise /Zc:wchar_t /Zc:forScope /Fo"Debug\\" /Fd"Debug\vc120.pdb" /Gd /TP /analyze- /errorReport:prompt main.cpp pong.cpp sha1.cpp websocket.cpp
         websocket.cpp
     1>c:\users\harry\classes\ics167\projects\pong_server\pong_server\websocket.cpp(112): warning C4018: '<' : signed/unsigned mismatch
     1>c:\users\harry\classes\ics167\projects\pong_server\pong_server\websocket.cpp(126): warning C4018: '<' : signed/unsigned mismatch
     1>c:\users\harry\classes\ics167\projects\pong_server\pong_server\websocket.cpp(148): warning C4018: '>=' : signed/unsigned mismatch
     1>c:\users\harry\classes\ics167\projects\pong_server\pong_server\websocket.cpp(161): warning C4244: 'initializing' : conversion from 'float' to 'int', possible loss of data
     1>c:\users\harry\classes\ics167\projects\pong_server\pong_server\websocket.cpp(395): warning C4018: '<' : signed/unsigned mismatch
     1>c:\users\harry\classes\ics167\projects\pong_server\pong_server\websocket.cpp(594): warning C4018: '>=' : signed/unsigned mismatch
     1>c:\users\harry\classes\ics167\projects\pong_server\pong_server\websocket.cpp(621): warning C4018: '<' : signed/unsigned mismatch
     1>c:\users\harry\classes\ics167\projects\pong_server\pong_server\websocket.cpp(635): warning C4018: '>=' : signed/unsigned mismatch
     1>c:\users\harry\classes\ics167\projects\pong_server\pong_server\websocket.cpp(745): warning C4018: '<' : signed/unsigned mismatch
         sha1.cpp
         pong.cpp
         main.cpp
         Generating Code...
       Link:
         C:\Program Files (x86)\Microsoft Visual Studio 12.0\VC\bin\link.exe /ERRORREPORT:PROMPT /OUT:"C:\Users\Harry\Classes\ICS167\Projects\pong_server\Debug\pong_server.exe" /INCREMENTAL /NOLOGO kernel32.lib user32.lib gdi32.lib winspool.lib comdlg32.lib advapi32.lib shell32.lib ole32.lib oleaut32.lib uuid.lib odbc32.lib odbccp32.lib /MANIFEST /MANIFESTUAC:"level='asInvoker' uiAccess='false'" /manifest:embed /DEBUG /PDB:"C:\Users\Harry\Classes\ICS167\Projects\pong_server\Debug\pong_server.pdb" /TLBID:1 /DYNAMICBASE /NXCOMPAT /IMPLIB:"C:\Users\Harry\Classes\ICS167\Projects\pong_server\Debug\pong_server.lib" /MACHINE:X86 Debug\base64.obj
         Debug\main.obj
         Debug\pong.obj
         Debug\sha1.obj
         Debug\websocket.obj
         pong_server.vcxproj -> C:\Users\Harry\Classes\ICS167\Projects\pong_server\Debug\pong_server.exe
     1>Done Building Project "C:\Users\Harry\Classes\ICS167\Projects\pong_server\pong_server\pong_server.vcxproj" (Build target(s)).

Build succeeded.

Time Elapsed 00:00:03.45
